\standalonepreambles
\subpreamble{methodChapter/documentationSection.tex}
\usepackage [subpreambles=true]{standalone}\usepackage {import}
\endsubpreamble
\subpreamble{methodChapter/documentationSection/bookStructureSubsection.tex}
\usepackage [subpreambles=true]{standalone} \usepackage {import}\usepackage {float} \usepackage {graphicx} \usepackage {wrapfig}\usepackage {url}\graphicspath {{img/}{documentationSection/img/}{methodChapter/documentationSection/img/}{methodPart/methodChapter/documentationSection/img/}}
\endsubpreamble
\subpreamble{methodChapter/pairedProgSection.tex}
\usepackage [subpreambles=true]{standalone}\usepackage {import}
\endsubpreamble
\subpreamble{methodChapter/pairedProgSection/pairedProgSubsection.tex}
\usepackage [subpreambles=true]{standalone} \usepackage {import}\usepackage {float} \usepackage {graphicx} \usepackage {wrapfig}\usepackage {url}\graphicspath {{img/}{pairedProgSection/img/}{methodChapter/pairedProgSection/img/}{methodPart/methodChapter/pairedProgSection/img/}}\setcounter {secnumdepth}{1}
\endsubpreamble
\subpreamble{methodChapter/docStorageOrgSection.tex}
\usepackage [subpreambles=true]{standalone}\usepackage {import}
\endsubpreamble
\subpreamble{methodChapter/docStorageOrgSection/fileStandardSubsection.tex}
\usepackage [subpreambles=true]{standalone} \usepackage {import}\usepackage {float} \usepackage {graphicx} \usepackage {wrapfig}\usepackage {url}\graphicspath {{img/}{/docStorageOrgSection/img}{methodChapter/docStorageOrgSection/img/}{/methodPart/methodChapter/docStorageOrgSection/img/}}\setcounter {secnumdepth}{1}
\endsubpreamble
\endstandalonepreambles
